2020-03-19 16:57:15.726  INFO 29800 --- [main] com.example.ForumApplication             : Starting ForumApplication on LAPTOP-URKVKN48 with PID 29800 (D:\JavaProject\IdeaProjects\SpringBootProjects\forum\target\classes started by 应志涛 in D:\JavaProject\IdeaProjects\SpringBootProjects\forum)
2020-03-19 16:57:15.731  INFO 29800 --- [main] com.example.ForumApplication             : No active profile set, falling back to default profiles: default
2020-03-19 16:57:17.438  INFO 29800 --- [main] o.s.b.w.embedded.tomcat.TomcatWebServer  : Tomcat initialized with port(s): 8887 (http)
2020-03-19 16:57:17.450  INFO 29800 --- [main] o.apache.catalina.core.StandardService   : Starting service [Tomcat]
2020-03-19 16:57:17.450  INFO 29800 --- [main] org.apache.catalina.core.StandardEngine  : Starting Servlet engine: [Apache Tomcat/9.0.31]
2020-03-19 16:57:17.564  INFO 29800 --- [main] o.a.c.c.C.[Tomcat].[localhost].[/]       : Initializing Spring embedded WebApplicationContext
2020-03-19 16:57:17.565  INFO 29800 --- [main] o.s.web.context.ContextLoader            : Root WebApplicationContext: initialization completed in 1730 ms
2020-03-19 16:57:18.069  INFO 29800 --- [main] o.s.s.concurrent.ThreadPoolTaskExecutor  : Initializing ExecutorService 'applicationTaskExecutor'
2020-03-19 16:57:18.147  INFO 29800 --- [main] o.s.b.a.w.s.WelcomePageHandlerMapping    : Adding welcome page template: index
2020-03-19 16:57:18.315  INFO 29800 --- [main] o.s.s.c.ThreadPoolTaskScheduler          : Initializing ExecutorService 'taskScheduler'
2020-03-19 16:57:18.418  INFO 29800 --- [main] o.s.b.w.embedded.tomcat.TomcatWebServer  : Tomcat started on port(s): 8887 (http) with context path ''
2020-03-19 16:57:18.424  INFO 29800 --- [main] com.example.ForumApplication             : Started ForumApplication in 3.326 seconds (JVM running for 5.247)
2020-03-19 16:57:50.059  INFO 29800 --- [http-nio-8887-exec-1] o.a.c.c.C.[Tomcat].[localhost].[/]       : Initializing Spring DispatcherServlet 'dispatcherServlet'
2020-03-19 16:57:50.060  INFO 29800 --- [http-nio-8887-exec-1] o.s.web.servlet.DispatcherServlet        : Initializing Servlet 'dispatcherServlet'
2020-03-19 16:57:50.070  INFO 29800 --- [http-nio-8887-exec-1] o.s.web.servlet.DispatcherServlet        : Completed initialization in 9 ms
2020-03-19 16:57:50.154  INFO 29800 --- [http-nio-8887-exec-1] com.zaxxer.hikari.HikariDataSource       : HikariPool-1 - Starting...
2020-03-19 16:57:50.385  INFO 29800 --- [http-nio-8887-exec-1] com.zaxxer.hikari.pool.PoolBase          : HikariPool-1 - Driver does not support get/set network timeout for connections. (Method com/mysql/jdbc/JDBC4Connection.getNetworkTimeout()I is abstract)
2020-03-19 16:57:50.392  INFO 29800 --- [http-nio-8887-exec-1] com.zaxxer.hikari.HikariDataSource       : HikariPool-1 - Start completed.
2020-03-19 17:01:52.570  INFO 23764 --- [main] com.example.ForumApplication             : Starting ForumApplication on LAPTOP-URKVKN48 with PID 23764 (D:\JavaProject\IdeaProjects\SpringBootProjects\forum\target\classes started by 应志涛 in D:\JavaProject\IdeaProjects\SpringBootProjects\forum)
2020-03-19 17:01:52.576  INFO 23764 --- [main] com.example.ForumApplication             : No active profile set, falling back to default profiles: default
2020-03-19 17:01:54.560  INFO 23764 --- [main] o.s.b.w.embedded.tomcat.TomcatWebServer  : Tomcat initialized with port(s): 8887 (http)
2020-03-19 17:01:54.574  INFO 23764 --- [main] o.apache.catalina.core.StandardService   : Starting service [Tomcat]
2020-03-19 17:01:54.575  INFO 23764 --- [main] org.apache.catalina.core.StandardEngine  : Starting Servlet engine: [Apache Tomcat/9.0.31]
2020-03-19 17:01:54.747  INFO 23764 --- [main] o.a.c.c.C.[Tomcat].[localhost].[/]       : Initializing Spring embedded WebApplicationContext
2020-03-19 17:01:54.748  INFO 23764 --- [main] o.s.web.context.ContextLoader            : Root WebApplicationContext: initialization completed in 2046 ms
2020-03-19 17:01:55.446  INFO 23764 --- [main] o.s.s.concurrent.ThreadPoolTaskExecutor  : Initializing ExecutorService 'applicationTaskExecutor'
2020-03-19 17:01:55.567  INFO 23764 --- [main] o.s.b.a.w.s.WelcomePageHandlerMapping    : Adding welcome page template: index
2020-03-19 17:01:55.807  INFO 23764 --- [main] o.s.s.c.ThreadPoolTaskScheduler          : Initializing ExecutorService 'taskScheduler'
2020-03-19 17:01:55.948  INFO 23764 --- [main] o.s.b.w.embedded.tomcat.TomcatWebServer  : Tomcat started on port(s): 8887 (http) with context path ''
2020-03-19 17:01:55.956  INFO 23764 --- [main] com.example.ForumApplication             : Started ForumApplication in 4.128 seconds (JVM running for 6.405)
2020-03-19 17:04:21.369  INFO 23764 --- [http-nio-8887-exec-1] o.a.c.c.C.[Tomcat].[localhost].[/]       : Initializing Spring DispatcherServlet 'dispatcherServlet'
2020-03-19 17:04:21.370  INFO 23764 --- [http-nio-8887-exec-1] o.s.web.servlet.DispatcherServlet        : Initializing Servlet 'dispatcherServlet'
2020-03-19 17:04:21.383  INFO 23764 --- [http-nio-8887-exec-1] o.s.web.servlet.DispatcherServlet        : Completed initialization in 13 ms
2020-03-19 17:04:21.459  INFO 23764 --- [http-nio-8887-exec-1] com.zaxxer.hikari.HikariDataSource       : HikariPool-1 - Starting...
2020-03-19 17:04:21.694  INFO 23764 --- [http-nio-8887-exec-1] com.zaxxer.hikari.pool.PoolBase          : HikariPool-1 - Driver does not support get/set network timeout for connections. (Method com/mysql/jdbc/JDBC4Connection.getNetworkTimeout()I is abstract)
2020-03-19 17:04:21.702  INFO 23764 --- [http-nio-8887-exec-1] com.zaxxer.hikari.HikariDataSource       : HikariPool-1 - Start completed.
2020-03-19 17:11:15.689  INFO 20880 --- [main] com.example.ForumApplication             : Starting ForumApplication on LAPTOP-URKVKN48 with PID 20880 (D:\JavaProject\IdeaProjects\SpringBootProjects\forum\target\classes started by 应志涛 in D:\JavaProject\IdeaProjects\SpringBootProjects\forum)
2020-03-19 17:11:15.694  INFO 20880 --- [main] com.example.ForumApplication             : No active profile set, falling back to default profiles: default
2020-03-19 17:11:17.578  INFO 20880 --- [main] o.s.b.w.embedded.tomcat.TomcatWebServer  : Tomcat initialized with port(s): 8887 (http)
2020-03-19 17:11:17.593  INFO 20880 --- [main] o.apache.catalina.core.StandardService   : Starting service [Tomcat]
2020-03-19 17:11:17.594  INFO 20880 --- [main] org.apache.catalina.core.StandardEngine  : Starting Servlet engine: [Apache Tomcat/9.0.31]
2020-03-19 17:11:17.738  INFO 20880 --- [main] o.a.c.c.C.[Tomcat].[localhost].[/]       : Initializing Spring embedded WebApplicationContext
2020-03-19 17:11:17.739  INFO 20880 --- [main] o.s.web.context.ContextLoader            : Root WebApplicationContext: initialization completed in 1951 ms
2020-03-19 17:11:18.358  INFO 20880 --- [main] o.s.s.concurrent.ThreadPoolTaskExecutor  : Initializing ExecutorService 'applicationTaskExecutor'
2020-03-19 17:11:18.486  INFO 20880 --- [main] o.s.b.a.w.s.WelcomePageHandlerMapping    : Adding welcome page template: index
2020-03-19 17:11:18.704  INFO 20880 --- [main] o.s.s.c.ThreadPoolTaskScheduler          : Initializing ExecutorService 'taskScheduler'
2020-03-19 17:11:18.826  INFO 20880 --- [main] o.s.b.w.embedded.tomcat.TomcatWebServer  : Tomcat started on port(s): 8887 (http) with context path ''
2020-03-19 17:11:18.833  INFO 20880 --- [main] com.example.ForumApplication             : Started ForumApplication in 3.88 seconds (JVM running for 6.173)
2020-03-19 18:27:04.006  INFO 23340 --- [main] com.example.ForumApplication             : Starting ForumApplication on LAPTOP-URKVKN48 with PID 23340 (D:\JavaProject\IdeaProjects\SpringBootProjects\forum\target\classes started by 应志涛 in D:\JavaProject\IdeaProjects\SpringBootProjects\forum)
2020-03-19 18:27:04.009  INFO 23340 --- [main] com.example.ForumApplication             : No active profile set, falling back to default profiles: default
2020-03-19 18:27:05.705  INFO 23340 --- [main] o.s.b.w.embedded.tomcat.TomcatWebServer  : Tomcat initialized with port(s): 8080 (http)
2020-03-19 18:27:05.729  INFO 23340 --- [main] o.apache.catalina.core.StandardService   : Starting service [Tomcat]
2020-03-19 18:27:05.730  INFO 23340 --- [main] org.apache.catalina.core.StandardEngine  : Starting Servlet engine: [Apache Tomcat/9.0.31]
2020-03-19 18:27:05.903  INFO 23340 --- [main] o.a.c.c.C.[Tomcat].[localhost].[/]       : Initializing Spring embedded WebApplicationContext
2020-03-19 18:27:05.903  INFO 23340 --- [main] o.s.web.context.ContextLoader            : Root WebApplicationContext: initialization completed in 1827 ms
2020-03-19 18:27:06.441  INFO 23340 --- [main] o.s.s.concurrent.ThreadPoolTaskExecutor  : Initializing ExecutorService 'applicationTaskExecutor'
2020-03-19 18:27:06.555  INFO 23340 --- [main] o.s.b.a.w.s.WelcomePageHandlerMapping    : Adding welcome page template: index
2020-03-19 18:27:06.806  INFO 23340 --- [main] o.s.s.c.ThreadPoolTaskScheduler          : Initializing ExecutorService 'taskScheduler'
2020-03-19 18:27:06.930  INFO 23340 --- [main] o.s.b.w.embedded.tomcat.TomcatWebServer  : Tomcat started on port(s): 8080 (http) with context path ''
2020-03-19 18:27:06.937  INFO 23340 --- [main] com.example.ForumApplication             : Started ForumApplication in 3.51 seconds (JVM running for 5.371)
2020-03-19 18:27:20.837  INFO 23340 --- [http-nio-8080-exec-2] o.a.c.c.C.[Tomcat].[localhost].[/]       : Initializing Spring DispatcherServlet 'dispatcherServlet'
2020-03-19 18:27:20.838  INFO 23340 --- [http-nio-8080-exec-2] o.s.web.servlet.DispatcherServlet        : Initializing Servlet 'dispatcherServlet'
2020-03-19 18:27:20.848  INFO 23340 --- [http-nio-8080-exec-2] o.s.web.servlet.DispatcherServlet        : Completed initialization in 10 ms
2020-03-19 18:27:20.928  INFO 23340 --- [http-nio-8080-exec-2] com.zaxxer.hikari.HikariDataSource       : HikariPool-1 - Starting...
2020-03-19 18:27:21.212  INFO 23340 --- [http-nio-8080-exec-2] com.zaxxer.hikari.pool.PoolBase          : HikariPool-1 - Driver does not support get/set network timeout for connections. (Method com/mysql/jdbc/JDBC4Connection.getNetworkTimeout()I is abstract)
2020-03-19 18:27:21.220  INFO 23340 --- [http-nio-8080-exec-2] com.zaxxer.hikari.HikariDataSource       : HikariPool-1 - Start completed.
2020-03-19 18:27:52.364  WARN 23340 --- [http-nio-8080-exec-8] o.a.c.util.SessionIdGeneratorBase        : Creation of SecureRandom instance for session ID generation using [SHA1PRNG] took [653] milliseconds.
2020-03-19 18:27:57.292 ERROR 23340 --- [http-nio-8080-exec-8] c.e.controller.AuthorizeController       : callback github error,GithubUser(id=57939755, name=浪花, bio=再小的帆也能远航, avatarUrl=https://avatars2.githubusercontent.com/u/57939755?v=4)
